[35m[Appium][39m Welcome to Appium v1.22.3
[35m[Appium][39m Non-default server args:
[35m[Appium][39m   port: 49396
[35m[Appium][39m   loglevel: info
[35m[Appium][39m   tmpDir: C:\Users\monsh\AppData\Local\Temp\\Katalon\Appium\Temp1688388337403
[35m[Appium][39m   chromedriverPort: 49398
[35m[Appium][39m Deprecated server args:
[35m[Appium][39m   [31m--chromedriver-port[39m => --default-capabilities
[35m[Appium][39m Default capabilities, which will be added to each request unless overridden by desired capabilities:
[35m[Appium][39m   chromedriverPort: 49398
[35m[Appium][39m Appium REST http interface listener started on 0.0.0.0:49396
[35m[HTTP][39m [37m-->[39m [37mGET[39m [37m/wd/hub/status[39m
[35m[HTTP][39m [90m{}[39m
[35m[HTTP][39m [37m<-- GET /wd/hub/status [39m[32m200[39m [90m6 ms - 68[39m
[35m[HTTP][39m [90m[39m
[35m[HTTP][39m [37m-->[39m [37mGET[39m [37m/wd/hub/status[39m
[35m[HTTP][39m [90m{}[39m
[35m[HTTP][39m [37m<-- GET /wd/hub/status [39m[32m200[39m [90m1 ms - 68[39m
[35m[HTTP][39m [90m[39m
[35m[HTTP][39m [37m-->[39m [37mPOST[39m [37m/wd/hub/session[39m
[35m[HTTP][39m [90m{"desiredCapabilities":{"appActivity":".Settings","appPackage":"com.android.settings","newCommandTimeout":1800,"platformVersion":"11","automationName":"uiautomator2","autoGrantPermissions":true,"platformName":"Android","udid":"emulator-5554","deviceName":"emulator-5554 (sdk_gphone_x86 - Android 11)","platform":"ANDROID","systemPort":8291},"capabilities":{"firstMatch":[{"appium:appActivity":".Settings","appium:appPackage":"com.android.settings","appium:autoGrantPermissions":true,"appium:automationName":"uiautomator2","appium:deviceName":"emulator-5554 (sdk_gphone_x86 - Android 11)","appium:newCommandTimeout":1800,"platform":"ANDROID","platformName":"android","appium:platformVersion":"11","appium:systemPort":8291,"appium:udid":"emulator-5554"}]}}[39m
[35m[BaseDriver][39m The following capabilities are not standard capabilities and should have an extension prefix:
[35m[BaseDriver][39m   platform
[35m[BaseDriver][39m   chromedriverPort
[35m[Appium][39m Appium v1.22.3 creating new AndroidUiautomator2Driver (v1.70.1) session
[35m[BaseDriver][39m The following capabilities were provided, but are not recognized by Appium:
[35m[BaseDriver][39m   platform
[35m[BaseDriver][39m Session created with session id: 818dc590-b5a4-4642-a5c7-bd6a41f62e05
[35m[UiAutomator2][39m Starting 'com.android.settings' directly on the device
[35m[ADB][39m Found 2 'build-tools' folders under 'C:\Users\monsh\AppData\Local\Android\Sdk' (newest first):
[35m[ADB][39m     C:/Users/monsh/AppData/Local/Android/Sdk/build-tools/33.0.2
[35m[ADB][39m     C:/Users/monsh/AppData/Local/Android/Sdk/build-tools/30.0.3
[35m[ADB][39m Using 'adb.exe' from 'C:\Users\monsh\AppData\Local\Android\Sdk\platform-tools\adb.exe'
[35m[AndroidDriver][39m Retrieving device list
[35m[AndroidDriver][39m Using device: emulator-5554
[35m[ADB][39m Using 'adb.exe' from 'C:\Users\monsh\AppData\Local\Android\Sdk\platform-tools\adb.exe'
[35m[ADB][39m Getting device platform version
[35m[UiAutomator2][39m Relaxing hidden api policy
[35m[AndroidDriver][39m No app sent in, not parsing package/activity
[35m[ADB][39m Using 'apksigner.jar' from 'C:\Users\monsh\AppData\Local\Android\Sdk\build-tools\33.0.2\lib\apksigner.jar'
[35m[ADB][39m 'C:\Users\monsh\AppData\Roaming\npm\node_modules\appium\node_modules\appium-uiautomator2-server\apks\appium-uiautomator2-server-v4.27.0.apk' is signed with the default certificate
[35m[ADB][39m 'C:\Users\monsh\AppData\Roaming\npm\node_modules\appium\node_modules\appium-uiautomator2-server\apks\appium-uiautomator2-server-debug-androidTest.apk' is signed with the default certificate
[35m[UiAutomator2][39m Server packages are not going to be (re)installed
[35m[ADB][39m Adding packages ["io.appium.settings","io.appium.uiautomator2.server","io.appium.uiautomator2.server.test"] to Doze whitelist
[35m[UiAutomator2][39m Starting UIAutomator2 server 4.27.0
[35m[UiAutomator2][39m Using UIAutomator2 server from 'C:\Users\monsh\AppData\Roaming\npm\node_modules\appium\node_modules\appium-uiautomator2-server\apks\appium-uiautomator2-server-v4.27.0.apk' and test from 'C:\Users\monsh\AppData\Roaming\npm\node_modules\appium\node_modules\appium-uiautomator2-server\apks\appium-uiautomator2-server-debug-androidTest.apk'
[35m[UiAutomator2][39m Waiting up to 30000ms for UiAutomator2 to be online...
[35m[WD Proxy][39m socket hang up
[35m[WD Proxy][39m socket hang up
[35m[WD Proxy][39m socket hang up
[35m[WD Proxy][39m Determined the downstream protocol as 'W3C'
[35m[AndroidDriver][39m Screen already unlocked, doing nothing
[35m[UiAutomator2][39m Starting 'com.android.settings/.Settings and waiting for 'com.android.settings/.Settings'
[35m[Appium][39m New AndroidUiautomator2Driver session created successfully, session 818dc590-b5a4-4642-a5c7-bd6a41f62e05 added to master session list
[35m[HTTP][39m [37m<-- POST /wd/hub/session [39m[32m200[39m [90m10440 ms - 1186[39m
[35m[HTTP][39m [90m[39m
[35m[HTTP][39m [37m-->[39m [37mGET[39m [37m/wd/hub/session/818dc590-b5a4-4642-a5c7-bd6a41f62e05[39m
[35m[HTTP][39m [90m{}[39m
[35m[HTTP][39m [37m<-- GET /wd/hub/session/818dc590-b5a4-4642-a5c7-bd6a41f62e05 [39m[32m200[39m [90m16 ms - 1140[39m
[35m[HTTP][39m [90m[39m
[35m[HTTP][39m [37m-->[39m [37mGET[39m [37m/wd/hub/session/818dc590-b5a4-4642-a5c7-bd6a41f62e05[39m
[35m[HTTP][39m [90m{}[39m
[35m[HTTP][39m [37m<-- GET /wd/hub/session/818dc590-b5a4-4642-a5c7-bd6a41f62e05 [39m[32m200[39m [90m16 ms - 1140[39m
[35m[HTTP][39m [90m[39m
[35m[HTTP][39m [37m-->[39m [37mGET[39m [37m/wd/hub/status[39m
[35m[HTTP][39m [90m{}[39m
[35m[HTTP][39m [37m<-- GET /wd/hub/status [39m[32m200[39m [90m1 ms - 68[39m
[35m[HTTP][39m [90m[39m
[35m[HTTP][39m [37m-->[39m [37mPOST[39m [37m/wd/hub/session/818dc590-b5a4-4642-a5c7-bd6a41f62e05/timeouts[39m
[35m[HTTP][39m [90m{"implicit":60000}[39m
[35m[HTTP][39m [37m<-- POST /wd/hub/session/818dc590-b5a4-4642-a5c7-bd6a41f62e05/timeouts [39m[32m200[39m [90m3 ms - 14[39m
[35m[HTTP][39m [90m[39m
[35m[HTTP][39m [37m-->[39m [37mGET[39m [37m/wd/hub/session/818dc590-b5a4-4642-a5c7-bd6a41f62e05/screenshot[39m
[35m[HTTP][39m [90m{}[39m
[35m[HTTP][39m [37m<-- GET /wd/hub/session/818dc590-b5a4-4642-a5c7-bd6a41f62e05/screenshot [39m[32m200[39m [90m453 ms - 225416[39m
[35m[HTTP][39m [90m[39m
[35m[HTTP][39m [37m-->[39m [37mGET[39m [37m/wd/hub/session/818dc590-b5a4-4642-a5c7-bd6a41f62e05/window/rect[39m
[35m[HTTP][39m [90m{}[39m
[35m[HTTP][39m [37m<-- GET /wd/hub/session/818dc590-b5a4-4642-a5c7-bd6a41f62e05/window/rect [39m[32m200[39m [90m14 ms - 50[39m
[35m[HTTP][39m [90m[39m
[35m[HTTP][39m [37m-->[39m [37mGET[39m [37m/wd/hub/session/818dc590-b5a4-4642-a5c7-bd6a41f62e05/appium/device/system_bars[39m
[35m[HTTP][39m [90m{}[39m
[35m[HTTP][39m [37m<-- GET /wd/hub/session/818dc590-b5a4-4642-a5c7-bd6a41f62e05/appium/device/system_bars [39m[32m200[39m [90m66 ms - 149[39m
[35m[HTTP][39m [90m[39m
[35m[HTTP][39m [37m-->[39m [37mPOST[39m [37m/wd/hub/session/818dc590-b5a4-4642-a5c7-bd6a41f62e05/appium/device/activate_app[39m
[35m[HTTP][39m [90m{"bundleId":"fr.dsquad.occazio"}[39m
[35m[HTTP][39m [37m<-- POST /wd/hub/session/818dc590-b5a4-4642-a5c7-bd6a41f62e05/appium/device/activate_app [39m[32m200[39m [90m436 ms - 14[39m
[35m[HTTP][39m [90m[39m
[35m[HTTP][39m [37m-->[39m [37mGET[39m [37m/wd/hub/session/818dc590-b5a4-4642-a5c7-bd6a41f62e05/source[39m
[35m[HTTP][39m [90m{}[39m
[35m[W3C (818dc590)][39m Driver proxy active, passing request on via HTTP proxy
[35m[WD Proxy][39m Replacing sessionId e22fccef-3c18-47db-858c-5e7808da23d0 with 818dc590-b5a4-4642-a5c7-bd6a41f62e05
[35m[HTTP][39m [37m<-- GET /wd/hub/session/818dc590-b5a4-4642-a5c7-bd6a41f62e05/source [39m[32m200[39m [90m550 ms - 8448[39m
[35m[HTTP][39m [90m[39m
[35m[HTTP][39m [37m-->[39m [37mGET[39m [37m/wd/hub/session/818dc590-b5a4-4642-a5c7-bd6a41f62e05/screenshot[39m
[35m[HTTP][39m [90m{}[39m
[35m[HTTP][39m [37m<-- GET /wd/hub/session/818dc590-b5a4-4642-a5c7-bd6a41f62e05/screenshot [39m[32m200[39m [90m413 ms - 291790[39m
[35m[HTTP][39m [90m[39m
[35m[HTTP][39m [37m-->[39m [37mGET[39m [37m/wd/hub/session/818dc590-b5a4-4642-a5c7-bd6a41f62e05/source[39m
[35m[HTTP][39m [90m{}[39m
[35m[W3C (818dc590)][39m Driver proxy active, passing request on via HTTP proxy
[35m[WD Proxy][39m Replacing sessionId e22fccef-3c18-47db-858c-5e7808da23d0 with 818dc590-b5a4-4642-a5c7-bd6a41f62e05
[35m[HTTP][39m [37m<-- GET /wd/hub/session/818dc590-b5a4-4642-a5c7-bd6a41f62e05/source [39m[32m200[39m [90m36 ms - 8448[39m
[35m[HTTP][39m [90m[39m
[35m[HTTP][39m [37m-->[39m [37mGET[39m [37m/wd/hub/session/818dc590-b5a4-4642-a5c7-bd6a41f62e05/screenshot[39m
[35m[HTTP][39m [90m{}[39m
[35m[HTTP][39m [37m<-- GET /wd/hub/session/818dc590-b5a4-4642-a5c7-bd6a41f62e05/screenshot [39m[32m200[39m [90m182 ms - 291902[39m
[35m[HTTP][39m [90m[39m
[35m[HTTP][39m [37m-->[39m [37mGET[39m [37m/wd/hub/session/818dc590-b5a4-4642-a5c7-bd6a41f62e05/source[39m
[35m[HTTP][39m [90m{}[39m
[35m[W3C (818dc590)][39m Driver proxy active, passing request on via HTTP proxy
[35m[WD Proxy][39m Replacing sessionId e22fccef-3c18-47db-858c-5e7808da23d0 with 818dc590-b5a4-4642-a5c7-bd6a41f62e05
[35m[HTTP][39m [37m<-- GET /wd/hub/session/818dc590-b5a4-4642-a5c7-bd6a41f62e05/source [39m[32m200[39m [90m33 ms - 8448[39m
[35m[HTTP][39m [90m[39m
[35m[HTTP][39m [37m-->[39m [37mGET[39m [37m/wd/hub/session/818dc590-b5a4-4642-a5c7-bd6a41f62e05/screenshot[39m
[35m[HTTP][39m [90m{}[39m
[35m[HTTP][39m [37m<-- GET /wd/hub/session/818dc590-b5a4-4642-a5c7-bd6a41f62e05/screenshot [39m[32m200[39m [90m193 ms - 291902[39m
[35m[HTTP][39m [90m[39m
[35m[HTTP][39m [37m-->[39m [37mGET[39m [37m/wd/hub/session/818dc590-b5a4-4642-a5c7-bd6a41f62e05/context[39m
[35m[HTTP][39m [90m{}[39m
[35m[HTTP][39m [37m<-- GET /wd/hub/session/818dc590-b5a4-4642-a5c7-bd6a41f62e05/context [39m[32m200[39m [90m1 ms - 22[39m
[35m[HTTP][39m [90m[39m
[35m[HTTP][39m [37m-->[39m [37mGET[39m [37m/wd/hub/session/818dc590-b5a4-4642-a5c7-bd6a41f62e05/contexts[39m
[35m[HTTP][39m [90m{}[39m
[35m[HTTP][39m [37m<-- GET /wd/hub/session/818dc590-b5a4-4642-a5c7-bd6a41f62e05/contexts [39m[32m200[39m [90m35 ms - 24[39m
[35m[HTTP][39m [90m[39m
[35m[HTTP][39m [37m-->[39m [37mPOST[39m [37m/wd/hub/session/818dc590-b5a4-4642-a5c7-bd6a41f62e05/context[39m
[35m[HTTP][39m [90m{"name":"NATIVE_APP"}[39m
[35m[HTTP][39m [37m<-- POST /wd/hub/session/818dc590-b5a4-4642-a5c7-bd6a41f62e05/context [39m[32m200[39m [90m1 ms - 14[39m
[35m[HTTP][39m [90m[39m
[35m[HTTP][39m [37m-->[39m [37mPOST[39m [37m/wd/hub/session/818dc590-b5a4-4642-a5c7-bd6a41f62e05/appium/device/press_keycode[39m
[35m[HTTP][39m [90m{"keycode":4}[39m
[35m[HTTP][39m [37m<-- POST /wd/hub/session/818dc590-b5a4-4642-a5c7-bd6a41f62e05/appium/device/press_keycode [39m[32m200[39m [90m53 ms - 14[39m
[35m[HTTP][39m [90m[39m
[35m[HTTP][39m [37m-->[39m [37mPOST[39m [37m/wd/hub/session/818dc590-b5a4-4642-a5c7-bd6a41f62e05/context[39m
[35m[HTTP][39m [90m{"name":"NATIVE_APP"}[39m
[35m[HTTP][39m [37m<-- POST /wd/hub/session/818dc590-b5a4-4642-a5c7-bd6a41f62e05/context [39m[32m200[39m [90m1 ms - 14[39m
[35m[HTTP][39m [90m[39m
[35m[HTTP][39m [37m-->[39m [37mGET[39m [37m/wd/hub/session/818dc590-b5a4-4642-a5c7-bd6a41f62e05/source[39m
[35m[HTTP][39m [90m{}[39m
[35m[W3C (818dc590)][39m Driver proxy active, passing request on via HTTP proxy
[35m[WD Proxy][39m Replacing sessionId e22fccef-3c18-47db-858c-5e7808da23d0 with 818dc590-b5a4-4642-a5c7-bd6a41f62e05
[35m[HTTP][39m [37m<-- GET /wd/hub/session/818dc590-b5a4-4642-a5c7-bd6a41f62e05/source [39m[32m200[39m [90m79 ms - 6798[39m
[35m[HTTP][39m [90m[39m
[35m[HTTP][39m [37m-->[39m [37mGET[39m [37m/wd/hub/session/818dc590-b5a4-4642-a5c7-bd6a41f62e05/screenshot[39m
[35m[HTTP][39m [90m{}[39m
[35m[HTTP][39m [37m<-- GET /wd/hub/session/818dc590-b5a4-4642-a5c7-bd6a41f62e05/screenshot [39m[32m200[39m [90m168 ms - 135326[39m
[35m[HTTP][39m [90m[39m
[35m[HTTP][39m [37m-->[39m [37mPOST[39m [37m/wd/hub/session/818dc590-b5a4-4642-a5c7-bd6a41f62e05/elements[39m
[35m[HTTP][39m [90m{"using":"xpath","value":"//*[@class = 'android.widget.Button' and (@text = 'DÉMARRER' or . = 'DÉMARRER') and @resource-id = 'fr.dsquad.occazio:id/bt_start_showcase']"}[39m
[35m[HTTP][39m [37m<-- POST /wd/hub/session/818dc590-b5a4-4642-a5c7-bd6a41f62e05/elements [39m[32m200[39m [90m261 ms - 139[39m
[35m[HTTP][39m [90m[39m
[35m[HTTP][39m [37m-->[39m [37mGET[39m [37m/wd/hub/session/818dc590-b5a4-4642-a5c7-bd6a41f62e05/window/rect[39m
[35m[HTTP][39m [90m{}[39m
[35m[HTTP][39m [37m<-- GET /wd/hub/session/818dc590-b5a4-4642-a5c7-bd6a41f62e05/window/rect [39m[32m200[39m [90m7 ms - 50[39m
[35m[HTTP][39m [90m[39m
[35m[HTTP][39m [37m-->[39m [37mPOST[39m [37m/wd/hub/session/818dc590-b5a4-4642-a5c7-bd6a41f62e05/elements[39m
[35m[HTTP][39m [90m{"using":"xpath","value":"//*[@class = 'android.widget.Button' and (@text = 'DÉMARRER' or . = 'DÉMARRER') and @resource-id = 'fr.dsquad.occazio:id/bt_start_showcase']"}[39m
[35m[HTTP][39m [37m<-- POST /wd/hub/session/818dc590-b5a4-4642-a5c7-bd6a41f62e05/elements [39m[32m200[39m [90m30 ms - 139[39m
[35m[HTTP][39m [90m[39m
[35m[HTTP][39m [37m-->[39m [37mGET[39m [37m/wd/hub/session/818dc590-b5a4-4642-a5c7-bd6a41f62e05/element/00000000-0000-00c5-ffff-ffff0000006c/location[39m
[35m[HTTP][39m [90m{}[39m
[35m[W3C (818dc590)][39m Driver proxy active, passing request on via HTTP proxy
[35m[WD Proxy][39m Replacing sessionId e22fccef-3c18-47db-858c-5e7808da23d0 with 818dc590-b5a4-4642-a5c7-bd6a41f62e05
[35m[HTTP][39m [37m<-- GET /wd/hub/session/818dc590-b5a4-4642-a5c7-bd6a41f62e05/element/00000000-0000-00c5-ffff-ffff0000006c/location [39m[32m200[39m [90m9 ms - 78[39m
[35m[HTTP][39m [90m[39m
[35m[HTTP][39m [37m-->[39m [37mPOST[39m [37m/wd/hub/session/818dc590-b5a4-4642-a5c7-bd6a41f62e05/element/00000000-0000-00c5-ffff-ffff0000006c/click[39m
[35m[HTTP][39m [90m{"id":"00000000-0000-00c5-ffff-ffff0000006c"}[39m
[35m[HTTP][39m [37m<-- POST /wd/hub/session/818dc590-b5a4-4642-a5c7-bd6a41f62e05/element/00000000-0000-00c5-ffff-ffff0000006c/click [39m[32m200[39m [90m36 ms - 14[39m
[35m[HTTP][39m [90m[39m
[35m[HTTP][39m [37m-->[39m [37mGET[39m [37m/wd/hub/session/818dc590-b5a4-4642-a5c7-bd6a41f62e05/source[39m
[35m[HTTP][39m [90m{}[39m
[35m[W3C (818dc590)][39m Driver proxy active, passing request on via HTTP proxy
[35m[WD Proxy][39m Replacing sessionId e22fccef-3c18-47db-858c-5e7808da23d0 with 818dc590-b5a4-4642-a5c7-bd6a41f62e05
[35m[HTTP][39m [37m<-- GET /wd/hub/session/818dc590-b5a4-4642-a5c7-bd6a41f62e05/source [39m[32m200[39m [90m101 ms - 8448[39m
[35m[HTTP][39m [90m[39m
[35m[HTTP][39m [37m-->[39m [37mGET[39m [37m/wd/hub/session/818dc590-b5a4-4642-a5c7-bd6a41f62e05/screenshot[39m
[35m[HTTP][39m [90m{}[39m
[35m[HTTP][39m [37m<-- GET /wd/hub/session/818dc590-b5a4-4642-a5c7-bd6a41f62e05/screenshot [39m[32m200[39m [90m188 ms - 291470[39m
[35m[HTTP][39m [90m[39m
[35m[HTTP][39m [37m-->[39m [37mGET[39m [37m/wd/hub/session/818dc590-b5a4-4642-a5c7-bd6a41f62e05/context[39m
[35m[HTTP][39m [90m{}[39m
[35m[HTTP][39m [37m<-- GET /wd/hub/session/818dc590-b5a4-4642-a5c7-bd6a41f62e05/context [39m[32m200[39m [90m1 ms - 22[39m
[35m[HTTP][39m [90m[39m
[35m[HTTP][39m [37m-->[39m [37mGET[39m [37m/wd/hub/session/818dc590-b5a4-4642-a5c7-bd6a41f62e05/contexts[39m
[35m[HTTP][39m [90m{}[39m
[35m[HTTP][39m [37m<-- GET /wd/hub/session/818dc590-b5a4-4642-a5c7-bd6a41f62e05/contexts [39m[32m200[39m [90m30 ms - 24[39m
[35m[HTTP][39m [90m[39m
[35m[HTTP][39m [37m-->[39m [37mPOST[39m [37m/wd/hub/session/818dc590-b5a4-4642-a5c7-bd6a41f62e05/context[39m
[35m[HTTP][39m [90m{"name":"NATIVE_APP"}[39m
[35m[HTTP][39m [37m<-- POST /wd/hub/session/818dc590-b5a4-4642-a5c7-bd6a41f62e05/context [39m[32m200[39m [90m2 ms - 14[39m
[35m[HTTP][39m [90m[39m
[35m[HTTP][39m [37m-->[39m [37mPOST[39m [37m/wd/hub/session/818dc590-b5a4-4642-a5c7-bd6a41f62e05/touch/perform[39m
[35m[HTTP][39m [90m{"actions":[{"action":"press","options":{"x":950,"y":950}},{"action":"wait","options":{"ms":500}},{"action":"moveTo","options":{"x":100,"y":950}},{"action":"release","options":{}}]}[39m
[35m[HTTP][39m [37m<-- POST /wd/hub/session/818dc590-b5a4-4642-a5c7-bd6a41f62e05/touch/perform [39m[32m200[39m [90m1076 ms - 14[39m
[35m[HTTP][39m [90m[39m
[35m[HTTP][39m [37m-->[39m [37mPOST[39m [37m/wd/hub/session/818dc590-b5a4-4642-a5c7-bd6a41f62e05/context[39m
[35m[HTTP][39m [90m{"name":"NATIVE_APP"}[39m
[35m[HTTP][39m [37m<-- POST /wd/hub/session/818dc590-b5a4-4642-a5c7-bd6a41f62e05/context [39m[32m200[39m [90m1 ms - 14[39m
[35m[HTTP][39m [90m[39m
[35m[HTTP][39m [37m-->[39m [37mGET[39m [37m/wd/hub/session/818dc590-b5a4-4642-a5c7-bd6a41f62e05/source[39m
[35m[HTTP][39m [90m{}[39m
[35m[W3C (818dc590)][39m Driver proxy active, passing request on via HTTP proxy
[35m[WD Proxy][39m Replacing sessionId e22fccef-3c18-47db-858c-5e7808da23d0 with 818dc590-b5a4-4642-a5c7-bd6a41f62e05
[35m[HTTP][39m [37m<-- GET /wd/hub/session/818dc590-b5a4-4642-a5c7-bd6a41f62e05/source [39m[32m200[39m [90m30 ms - 8428[39m
[35m[HTTP][39m [90m[39m
[35m[HTTP][39m [37m-->[39m [37mGET[39m [37m/wd/hub/session/818dc590-b5a4-4642-a5c7-bd6a41f62e05/screenshot[39m
[35m[HTTP][39m [90m{}[39m
[35m[HTTP][39m [37m<-- GET /wd/hub/session/818dc590-b5a4-4642-a5c7-bd6a41f62e05/screenshot [39m[32m200[39m [90m234 ms - 204668[39m
[35m[HTTP][39m [90m[39m
[35m[HTTP][39m [37m-->[39m [37mGET[39m [37m/wd/hub/session/818dc590-b5a4-4642-a5c7-bd6a41f62e05/context[39m
[35m[HTTP][39m [90m{}[39m
[35m[HTTP][39m [37m<-- GET /wd/hub/session/818dc590-b5a4-4642-a5c7-bd6a41f62e05/context [39m[32m200[39m [90m1 ms - 22[39m
[35m[HTTP][39m [90m[39m
[35m[HTTP][39m [37m-->[39m [37mGET[39m [37m/wd/hub/session/818dc590-b5a4-4642-a5c7-bd6a41f62e05/contexts[39m
[35m[HTTP][39m [90m{}[39m
[35m[HTTP][39m [37m<-- GET /wd/hub/session/818dc590-b5a4-4642-a5c7-bd6a41f62e05/contexts [39m[32m200[39m [90m32 ms - 24[39m
[35m[HTTP][39m [90m[39m
[35m[HTTP][39m [37m-->[39m [37mPOST[39m [37m/wd/hub/session/818dc590-b5a4-4642-a5c7-bd6a41f62e05/context[39m
[35m[HTTP][39m [90m{"name":"NATIVE_APP"}[39m
[35m[HTTP][39m [37m<-- POST /wd/hub/session/818dc590-b5a4-4642-a5c7-bd6a41f62e05/context [39m[32m200[39m [90m1 ms - 14[39m
[35m[HTTP][39m [90m[39m
[35m[HTTP][39m [37m-->[39m [37mPOST[39m [37m/wd/hub/session/818dc590-b5a4-4642-a5c7-bd6a41f62e05/touch/perform[39m
[35m[HTTP][39m [90m{"actions":[{"action":"press","options":{"x":950,"y":950}},{"action":"wait","options":{"ms":500}},{"action":"moveTo","options":{"x":100,"y":950}},{"action":"release","options":{}}]}[39m
[35m[HTTP][39m [37m<-- POST /wd/hub/session/818dc590-b5a4-4642-a5c7-bd6a41f62e05/touch/perform [39m[32m200[39m [90m1024 ms - 14[39m
[35m[HTTP][39m [90m[39m
[35m[HTTP][39m [37m-->[39m [37mPOST[39m [37m/wd/hub/session/818dc590-b5a4-4642-a5c7-bd6a41f62e05/context[39m
[35m[HTTP][39m [90m{"name":"NATIVE_APP"}[39m
[35m[HTTP][39m [37m<-- POST /wd/hub/session/818dc590-b5a4-4642-a5c7-bd6a41f62e05/context [39m[32m200[39m [90m1 ms - 14[39m
[35m[HTTP][39m [90m[39m
[35m[HTTP][39m [37m-->[39m [37mGET[39m [37m/wd/hub/session/818dc590-b5a4-4642-a5c7-bd6a41f62e05/source[39m
[35m[HTTP][39m [90m{}[39m
[35m[W3C (818dc590)][39m Driver proxy active, passing request on via HTTP proxy
[35m[WD Proxy][39m Replacing sessionId e22fccef-3c18-47db-858c-5e7808da23d0 with 818dc590-b5a4-4642-a5c7-bd6a41f62e05
[35m[HTTP][39m [37m<-- GET /wd/hub/session/818dc590-b5a4-4642-a5c7-bd6a41f62e05/source [39m[32m200[39m [90m15 ms - 8438[39m
[35m[HTTP][39m [90m[39m
[35m[HTTP][39m [37m-->[39m [37mGET[39m [37m/wd/hub/session/818dc590-b5a4-4642-a5c7-bd6a41f62e05/screenshot[39m
[35m[HTTP][39m [90m{}[39m
[35m[HTTP][39m [37m<-- GET /wd/hub/session/818dc590-b5a4-4642-a5c7-bd6a41f62e05/screenshot [39m[32m200[39m [90m227 ms - 276748[39m
[35m[HTTP][39m [90m[39m
[35m[HTTP][39m [37m-->[39m [37mGET[39m [37m/wd/hub/session/818dc590-b5a4-4642-a5c7-bd6a41f62e05/context[39m
[35m[HTTP][39m [90m{}[39m
[35m[HTTP][39m [37m<-- GET /wd/hub/session/818dc590-b5a4-4642-a5c7-bd6a41f62e05/context [39m[32m200[39m [90m1 ms - 22[39m
[35m[HTTP][39m [90m[39m
[35m[HTTP][39m [37m-->[39m [37mGET[39m [37m/wd/hub/session/818dc590-b5a4-4642-a5c7-bd6a41f62e05/contexts[39m
[35m[HTTP][39m [90m{}[39m
[35m[HTTP][39m [37m<-- GET /wd/hub/session/818dc590-b5a4-4642-a5c7-bd6a41f62e05/contexts [39m[32m200[39m [90m31 ms - 24[39m
[35m[HTTP][39m [90m[39m
[35m[HTTP][39m [37m-->[39m [37mPOST[39m [37m/wd/hub/session/818dc590-b5a4-4642-a5c7-bd6a41f62e05/context[39m
[35m[HTTP][39m [90m{"name":"NATIVE_APP"}[39m
[35m[HTTP][39m [37m<-- POST /wd/hub/session/818dc590-b5a4-4642-a5c7-bd6a41f62e05/context [39m[32m200[39m [90m1 ms - 14[39m
[35m[HTTP][39m [90m[39m
[35m[HTTP][39m [37m-->[39m [37mPOST[39m [37m/wd/hub/session/818dc590-b5a4-4642-a5c7-bd6a41f62e05/touch/perform[39m
[35m[HTTP][39m [90m{"actions":[{"action":"press","options":{"x":950,"y":950}},{"action":"wait","options":{"ms":500}},{"action":"moveTo","options":{"x":100,"y":950}},{"action":"release","options":{}}]}[39m
[35m[HTTP][39m [37m<-- POST /wd/hub/session/818dc590-b5a4-4642-a5c7-bd6a41f62e05/touch/perform [39m[32m200[39m [90m1039 ms - 14[39m
[35m[HTTP][39m [90m[39m
[35m[HTTP][39m [37m-->[39m [37mPOST[39m [37m/wd/hub/session/818dc590-b5a4-4642-a5c7-bd6a41f62e05/context[39m
[35m[HTTP][39m [90m{"name":"NATIVE_APP"}[39m
[35m[HTTP][39m [37m<-- POST /wd/hub/session/818dc590-b5a4-4642-a5c7-bd6a41f62e05/context [39m[32m200[39m [90m1 ms - 14[39m
[35m[HTTP][39m [90m[39m
[35m[HTTP][39m [37m-->[39m [37mGET[39m [37m/wd/hub/session/818dc590-b5a4-4642-a5c7-bd6a41f62e05/source[39m
[35m[HTTP][39m [90m{}[39m
[35m[W3C (818dc590)][39m Driver proxy active, passing request on via HTTP proxy
[35m[WD Proxy][39m Replacing sessionId e22fccef-3c18-47db-858c-5e7808da23d0 with 818dc590-b5a4-4642-a5c7-bd6a41f62e05
[35m[HTTP][39m [37m<-- GET /wd/hub/session/818dc590-b5a4-4642-a5c7-bd6a41f62e05/source [39m[32m200[39m [90m19 ms - 8446[39m
[35m[HTTP][39m [90m[39m
[35m[HTTP][39m [37m-->[39m [37mGET[39m [37m/wd/hub/session/818dc590-b5a4-4642-a5c7-bd6a41f62e05/screenshot[39m
[35m[HTTP][39m [90m{}[39m
[35m[HTTP][39m [37m<-- GET /wd/hub/session/818dc590-b5a4-4642-a5c7-bd6a41f62e05/screenshot [39m[32m200[39m [90m227 ms - 242490[39m
[35m[HTTP][39m [90m[39m
[35m[HTTP][39m [37m-->[39m [37mGET[39m [37m/wd/hub/session/818dc590-b5a4-4642-a5c7-bd6a41f62e05/context[39m
[35m[HTTP][39m [90m{}[39m
[35m[HTTP][39m [37m<-- GET /wd/hub/session/818dc590-b5a4-4642-a5c7-bd6a41f62e05/context [39m[32m200[39m [90m1 ms - 22[39m
[35m[HTTP][39m [90m[39m
[35m[HTTP][39m [37m-->[39m [37mGET[39m [37m/wd/hub/session/818dc590-b5a4-4642-a5c7-bd6a41f62e05/contexts[39m
[35m[HTTP][39m [90m{}[39m
[35m[HTTP][39m [37m<-- GET /wd/hub/session/818dc590-b5a4-4642-a5c7-bd6a41f62e05/contexts [39m[32m200[39m [90m37 ms - 24[39m
[35m[HTTP][39m [90m[39m
[35m[HTTP][39m [37m-->[39m [37mPOST[39m [37m/wd/hub/session/818dc590-b5a4-4642-a5c7-bd6a41f62e05/context[39m
[35m[HTTP][39m [90m{"name":"NATIVE_APP"}[39m
[35m[HTTP][39m [37m<-- POST /wd/hub/session/818dc590-b5a4-4642-a5c7-bd6a41f62e05/context [39m[32m200[39m [90m1 ms - 14[39m
[35m[HTTP][39m [90m[39m
[35m[HTTP][39m [37m-->[39m [37mPOST[39m [37m/wd/hub/session/818dc590-b5a4-4642-a5c7-bd6a41f62e05/touch/perform[39m
[35m[HTTP][39m [90m{"actions":[{"action":"press","options":{"x":950,"y":950}},{"action":"wait","options":{"ms":500}},{"action":"moveTo","options":{"x":100,"y":950}},{"action":"release","options":{}}]}[39m
[35m[HTTP][39m [37m<-- POST /wd/hub/session/818dc590-b5a4-4642-a5c7-bd6a41f62e05/touch/perform [39m[32m200[39m [90m1021 ms - 14[39m
[35m[HTTP][39m [90m[39m
[35m[HTTP][39m [37m-->[39m [37mPOST[39m [37m/wd/hub/session/818dc590-b5a4-4642-a5c7-bd6a41f62e05/context[39m
[35m[HTTP][39m [90m{"name":"NATIVE_APP"}[39m
[35m[HTTP][39m [37m<-- POST /wd/hub/session/818dc590-b5a4-4642-a5c7-bd6a41f62e05/context [39m[32m200[39m [90m1 ms - 14[39m
[35m[HTTP][39m [90m[39m
[35m[HTTP][39m [37m-->[39m [37mGET[39m [37m/wd/hub/session/818dc590-b5a4-4642-a5c7-bd6a41f62e05/source[39m
[35m[HTTP][39m [90m{}[39m
[35m[W3C (818dc590)][39m Driver proxy active, passing request on via HTTP proxy
[35m[WD Proxy][39m Replacing sessionId e22fccef-3c18-47db-858c-5e7808da23d0 with 818dc590-b5a4-4642-a5c7-bd6a41f62e05
[35m[HTTP][39m [37m<-- GET /wd/hub/session/818dc590-b5a4-4642-a5c7-bd6a41f62e05/source [39m[32m200[39m [90m28 ms - 12619[39m
[35m[HTTP][39m [90m[39m
[35m[HTTP][39m [37m-->[39m [37mGET[39m [37m/wd/hub/session/818dc590-b5a4-4642-a5c7-bd6a41f62e05/screenshot[39m
[35m[HTTP][39m [90m{}[39m
[35m[HTTP][39m [37m<-- GET /wd/hub/session/818dc590-b5a4-4642-a5c7-bd6a41f62e05/screenshot [39m[32m200[39m [90m249 ms - 253830[39m
[35m[HTTP][39m [90m[39m
[35m[HTTP][39m [37m-->[39m [37mPOST[39m [37m/wd/hub/session/818dc590-b5a4-4642-a5c7-bd6a41f62e05/elements[39m
[35m[HTTP][39m [90m{"using":"xpath","value":"//*[@class = 'android.view.View' and @resource-id = 'fr.dsquad.occazio:id/v_seekbar_overlay' and (@text = '' or . = '')]"}[39m
[35m[HTTP][39m [37m<-- POST /wd/hub/session/818dc590-b5a4-4642-a5c7-bd6a41f62e05/elements [39m[32m200[39m [90m41 ms - 139[39m
[35m[HTTP][39m [90m[39m
[35m[HTTP][39m [37m-->[39m [37mGET[39m [37m/wd/hub/session/818dc590-b5a4-4642-a5c7-bd6a41f62e05/window/rect[39m
[35m[HTTP][39m [90m{}[39m
[35m[HTTP][39m [37m<-- GET /wd/hub/session/818dc590-b5a4-4642-a5c7-bd6a41f62e05/window/rect [39m[32m200[39m [90m5 ms - 50[39m
[35m[HTTP][39m [90m[39m
[35m[HTTP][39m [37m-->[39m [37mPOST[39m [37m/wd/hub/session/818dc590-b5a4-4642-a5c7-bd6a41f62e05/elements[39m
[35m[HTTP][39m [90m{"using":"xpath","value":"//*[@class = 'android.view.View' and @resource-id = 'fr.dsquad.occazio:id/v_seekbar_overlay' and (@text = '' or . = '')]"}[39m
[35m[HTTP][39m [37m<-- POST /wd/hub/session/818dc590-b5a4-4642-a5c7-bd6a41f62e05/elements [39m[32m200[39m [90m41 ms - 139[39m
[35m[HTTP][39m [90m[39m
[35m[HTTP][39m [37m-->[39m [37mGET[39m [37m/wd/hub/session/818dc590-b5a4-4642-a5c7-bd6a41f62e05/element/00000000-0000-00c5-ffff-ffff000000b9/location[39m
[35m[HTTP][39m [90m{}[39m
[35m[W3C (818dc590)][39m Driver proxy active, passing request on via HTTP proxy
[35m[WD Proxy][39m Replacing sessionId e22fccef-3c18-47db-858c-5e7808da23d0 with 818dc590-b5a4-4642-a5c7-bd6a41f62e05
[35m[HTTP][39m [37m<-- GET /wd/hub/session/818dc590-b5a4-4642-a5c7-bd6a41f62e05/element/00000000-0000-00c5-ffff-ffff000000b9/location [39m[32m200[39m [90m11 ms - 79[39m
[35m[HTTP][39m [90m[39m
[35m[HTTP][39m [37m-->[39m [37mPOST[39m [37m/wd/hub/session/818dc590-b5a4-4642-a5c7-bd6a41f62e05/element/00000000-0000-00c5-ffff-ffff000000b9/click[39m
[35m[HTTP][39m [90m{"id":"00000000-0000-00c5-ffff-ffff000000b9"}[39m
[35m[HTTP][39m [37m<-- POST /wd/hub/session/818dc590-b5a4-4642-a5c7-bd6a41f62e05/element/00000000-0000-00c5-ffff-ffff000000b9/click [39m[32m200[39m [90m37 ms - 14[39m
[35m[HTTP][39m [90m[39m
[35m[HTTP][39m [37m-->[39m [37mGET[39m [37m/wd/hub/session/818dc590-b5a4-4642-a5c7-bd6a41f62e05/source[39m
[35m[HTTP][39m [90m{}[39m
[35m[W3C (818dc590)][39m Driver proxy active, passing request on via HTTP proxy
[35m[WD Proxy][39m Replacing sessionId e22fccef-3c18-47db-858c-5e7808da23d0 with 818dc590-b5a4-4642-a5c7-bd6a41f62e05
[35m[HTTP][39m [37m<-- GET /wd/hub/session/818dc590-b5a4-4642-a5c7-bd6a41f62e05/source [39m[32m200[39m [90m66 ms - 12619[39m
[35m[HTTP][39m [90m[39m
[35m[HTTP][39m [37m-->[39m [37mGET[39m [37m/wd/hub/session/818dc590-b5a4-4642-a5c7-bd6a41f62e05/screenshot[39m
[35m[HTTP][39m [90m{}[39m
[35m[HTTP][39m [37m<-- GET /wd/hub/session/818dc590-b5a4-4642-a5c7-bd6a41f62e05/screenshot [39m[32m200[39m [90m174 ms - 271712[39m
[35m[HTTP][39m [90m[39m
[35m[HTTP][39m [37m-->[39m [37mPOST[39m [37m/wd/hub/session/818dc590-b5a4-4642-a5c7-bd6a41f62e05/elements[39m
[35m[HTTP][39m [90m{"using":"xpath","value":"//*[@class = 'android.widget.Button' and (@text = 'VALIDER' or . = 'VALIDER') and @resource-id = 'fr.dsquad.occazio:id/bt_stop_showcase']"}[39m
[35m[HTTP][39m [37m<-- POST /wd/hub/session/818dc590-b5a4-4642-a5c7-bd6a41f62e05/elements [39m[32m200[39m [90m45 ms - 139[39m
[35m[HTTP][39m [90m[39m
[35m[HTTP][39m [37m-->[39m [37mGET[39m [37m/wd/hub/session/818dc590-b5a4-4642-a5c7-bd6a41f62e05/window/rect[39m
[35m[HTTP][39m [90m{}[39m
[35m[HTTP][39m [37m<-- GET /wd/hub/session/818dc590-b5a4-4642-a5c7-bd6a41f62e05/window/rect [39m[32m200[39m [90m5 ms - 50[39m
[35m[HTTP][39m [90m[39m
[35m[HTTP][39m [37m-->[39m [37mPOST[39m [37m/wd/hub/session/818dc590-b5a4-4642-a5c7-bd6a41f62e05/elements[39m
[35m[HTTP][39m [90m{"using":"xpath","value":"//*[@class = 'android.widget.Button' and (@text = 'VALIDER' or . = 'VALIDER') and @resource-id = 'fr.dsquad.occazio:id/bt_stop_showcase']"}[39m
[35m[HTTP][39m [37m<-- POST /wd/hub/session/818dc590-b5a4-4642-a5c7-bd6a41f62e05/elements [39m[32m200[39m [90m39 ms - 139[39m
[35m[HTTP][39m [90m[39m
[35m[HTTP][39m [37m-->[39m [37mGET[39m [37m/wd/hub/session/818dc590-b5a4-4642-a5c7-bd6a41f62e05/element/00000000-0000-00c5-ffff-ffff000000bb/location[39m
[35m[HTTP][39m [90m{}[39m
[35m[W3C (818dc590)][39m Driver proxy active, passing request on via HTTP proxy
[35m[WD Proxy][39m Replacing sessionId e22fccef-3c18-47db-858c-5e7808da23d0 with 818dc590-b5a4-4642-a5c7-bd6a41f62e05
[35m[HTTP][39m [37m<-- GET /wd/hub/session/818dc590-b5a4-4642-a5c7-bd6a41f62e05/element/00000000-0000-00c5-ffff-ffff000000bb/location [39m[32m200[39m [90m10 ms - 79[39m
[35m[HTTP][39m [90m[39m
[35m[HTTP][39m [37m-->[39m [37mPOST[39m [37m/wd/hub/session/818dc590-b5a4-4642-a5c7-bd6a41f62e05/element/00000000-0000-00c5-ffff-ffff000000bb/click[39m
[35m[HTTP][39m [90m{"id":"00000000-0000-00c5-ffff-ffff000000bb"}[39m
[35m[HTTP][39m [37m<-- POST /wd/hub/session/818dc590-b5a4-4642-a5c7-bd6a41f62e05/element/00000000-0000-00c5-ffff-ffff000000bb/click [39m[32m200[39m [90m40 ms - 14[39m
[35m[HTTP][39m [90m[39m
[35m[HTTP][39m [37m-->[39m [37mGET[39m [37m/wd/hub/session/818dc590-b5a4-4642-a5c7-bd6a41f62e05/source[39m
[35m[HTTP][39m [90m{}[39m
[35m[W3C (818dc590)][39m Driver proxy active, passing request on via HTTP proxy
[35m[WD Proxy][39m Replacing sessionId e22fccef-3c18-47db-858c-5e7808da23d0 with 818dc590-b5a4-4642-a5c7-bd6a41f62e05
[35m[HTTP][39m [37m<-- GET /wd/hub/session/818dc590-b5a4-4642-a5c7-bd6a41f62e05/source [39m[32m200[39m [90m172 ms - 10214[39m
[35m[HTTP][39m [90m[39m
[35m[HTTP][39m [37m-->[39m [37mGET[39m [37m/wd/hub/session/818dc590-b5a4-4642-a5c7-bd6a41f62e05/screenshot[39m
[35m[HTTP][39m [90m{}[39m
[35m[HTTP][39m [37m<-- GET /wd/hub/session/818dc590-b5a4-4642-a5c7-bd6a41f62e05/screenshot [39m[32m200[39m [90m330 ms - 253586[39m
[35m[HTTP][39m [90m[39m
[35m[HTTP][39m [37m-->[39m [37mPOST[39m [37m/wd/hub/session/818dc590-b5a4-4642-a5c7-bd6a41f62e05/elements[39m
[35m[HTTP][39m [90m{"using":"xpath","value":"//*[@class = 'android.view.View' and @resource-id = 'fr.dsquad.occazio:id/v_click_why_buy' and (@text = '' or . = '')]"}[39m
[35m[HTTP][39m [37m<-- POST /wd/hub/session/818dc590-b5a4-4642-a5c7-bd6a41f62e05/elements [39m[32m200[39m [90m30 ms - 139[39m
[35m[HTTP][39m [90m[39m
[35m[HTTP][39m [37m-->[39m [37mPOST[39m [37m/wd/hub/session/818dc590-b5a4-4642-a5c7-bd6a41f62e05/elements[39m
[35m[HTTP][39m [90m{"using":"xpath","value":"//*[@class = 'android.view.View' and @resource-id = 'fr.dsquad.occazio:id/v_click_why_buy' and (@text = '' or . = '')]"}[39m
[35m[HTTP][39m [37m<-- POST /wd/hub/session/818dc590-b5a4-4642-a5c7-bd6a41f62e05/elements [39m[32m200[39m [90m34 ms - 139[39m
[35m[HTTP][39m [90m[39m
[35m[HTTP][39m [37m-->[39m [37mGET[39m [37m/wd/hub/session/818dc590-b5a4-4642-a5c7-bd6a41f62e05/source[39m
[35m[HTTP][39m [90m{}[39m
[35m[W3C (818dc590)][39m Driver proxy active, passing request on via HTTP proxy
[35m[WD Proxy][39m Replacing sessionId e22fccef-3c18-47db-858c-5e7808da23d0 with 818dc590-b5a4-4642-a5c7-bd6a41f62e05
[35m[HTTP][39m [37m<-- GET /wd/hub/session/818dc590-b5a4-4642-a5c7-bd6a41f62e05/source [39m[32m200[39m [90m35 ms - 10214[39m
[35m[HTTP][39m [90m[39m
[35m[HTTP][39m [37m-->[39m [37mGET[39m [37m/wd/hub/session/818dc590-b5a4-4642-a5c7-bd6a41f62e05/screenshot[39m
[35m[HTTP][39m [90m{}[39m
[35m[HTTP][39m [37m<-- GET /wd/hub/session/818dc590-b5a4-4642-a5c7-bd6a41f62e05/screenshot [39m[32m200[39m [90m287 ms - 253772[39m
[35m[HTTP][39m [90m[39m
[35m[HTTP][39m [37m-->[39m [37mPOST[39m [37m/wd/hub/session/818dc590-b5a4-4642-a5c7-bd6a41f62e05/elements[39m
[35m[HTTP][39m [90m{"using":"xpath","value":"//*[@class = 'android.widget.ImageView' and @resource-id = 'fr.dsquad.occazio:id/iv_why_sell' and (@text = '' or . = '')]"}[39m
[35m[HTTP][39m [37m<-- POST /wd/hub/session/818dc590-b5a4-4642-a5c7-bd6a41f62e05/elements [39m[32m200[39m [90m28 ms - 139[39m
[35m[HTTP][39m [90m[39m
[35m[HTTP][39m [37m-->[39m [37mPOST[39m [37m/wd/hub/session/818dc590-b5a4-4642-a5c7-bd6a41f62e05/elements[39m
[35m[HTTP][39m [90m{"using":"xpath","value":"//*[@class = 'android.view.View' and @resource-id = 'fr.dsquad.occazio:id/v_click_why_sell' and (@text = '' or . = '')]"}[39m
[35m[HTTP][39m [37m<-- POST /wd/hub/session/818dc590-b5a4-4642-a5c7-bd6a41f62e05/elements [39m[32m200[39m [90m40 ms - 139[39m
[35m[HTTP][39m [90m[39m
[35m[HTTP][39m [37m-->[39m [37mPOST[39m [37m/wd/hub/session/818dc590-b5a4-4642-a5c7-bd6a41f62e05/elements[39m
[35m[HTTP][39m [90m{"using":"xpath","value":"//*[@class = 'android.view.View' and @resource-id = 'fr.dsquad.occazio:id/v_click_why_sell' and (@text = '' or . = '')]"}[39m
[35m[HTTP][39m [37m<-- POST /wd/hub/session/818dc590-b5a4-4642-a5c7-bd6a41f62e05/elements [39m[32m200[39m [90m35 ms - 139[39m
[35m[HTTP][39m [90m[39m
[35m[HTTP][39m [37m-->[39m [37mGET[39m [37m/wd/hub/session/818dc590-b5a4-4642-a5c7-bd6a41f62e05/source[39m
[35m[HTTP][39m [90m{}[39m
[35m[W3C (818dc590)][39m Driver proxy active, passing request on via HTTP proxy
[35m[WD Proxy][39m Replacing sessionId e22fccef-3c18-47db-858c-5e7808da23d0 with 818dc590-b5a4-4642-a5c7-bd6a41f62e05
[35m[HTTP][39m [37m<-- GET /wd/hub/session/818dc590-b5a4-4642-a5c7-bd6a41f62e05/source [39m[32m200[39m [90m40 ms - 10214[39m
[35m[HTTP][39m [90m[39m
[35m[HTTP][39m [37m-->[39m [37mGET[39m [37m/wd/hub/session/818dc590-b5a4-4642-a5c7-bd6a41f62e05/screenshot[39m
[35m[HTTP][39m [90m{}[39m
[35m[HTTP][39m [37m<-- GET /wd/hub/session/818dc590-b5a4-4642-a5c7-bd6a41f62e05/screenshot [39m[32m200[39m [90m255 ms - 253028[39m
[35m[HTTP][39m [90m[39m
[35m[HTTP][39m [37m-->[39m [37mPOST[39m [37m/wd/hub/session/818dc590-b5a4-4642-a5c7-bd6a41f62e05/elements[39m
[35m[HTTP][39m [90m{"using":"xpath","value":"//*[@class = 'android.widget.ImageView' and @resource-id = 'fr.dsquad.occazio:id/iv_why_buy_sell' and (@text = '' or . = '')]"}[39m
[35m[HTTP][39m [37m<-- POST /wd/hub/session/818dc590-b5a4-4642-a5c7-bd6a41f62e05/elements [39m[32m200[39m [90m41 ms - 139[39m
[35m[HTTP][39m [90m[39m
[35m[HTTP][39m [37m-->[39m [37mPOST[39m [37m/wd/hub/session/818dc590-b5a4-4642-a5c7-bd6a41f62e05/elements[39m
[35m[HTTP][39m [90m{"using":"xpath","value":"//*[@class = 'android.widget.ImageView' and @resource-id = 'fr.dsquad.occazio:id/iv_why_buy_sell' and (@text = '' or . = '')]"}[39m
[35m[HTTP][39m [37m<-- POST /wd/hub/session/818dc590-b5a4-4642-a5c7-bd6a41f62e05/elements [39m[32m200[39m [90m66 ms - 139[39m
[35m[HTTP][39m [90m[39m
[35m[HTTP][39m [37m-->[39m [37mGET[39m [37m/wd/hub/session/818dc590-b5a4-4642-a5c7-bd6a41f62e05/source[39m
[35m[HTTP][39m [90m{}[39m
[35m[W3C (818dc590)][39m Driver proxy active, passing request on via HTTP proxy
[35m[WD Proxy][39m Replacing sessionId e22fccef-3c18-47db-858c-5e7808da23d0 with 818dc590-b5a4-4642-a5c7-bd6a41f62e05
[35m[HTTP][39m [37m<-- GET /wd/hub/session/818dc590-b5a4-4642-a5c7-bd6a41f62e05/source [39m[32m200[39m [90m17 ms - 10214[39m
[35m[HTTP][39m [90m[39m
[35m[HTTP][39m [37m-->[39m [37mGET[39m [37m/wd/hub/session/818dc590-b5a4-4642-a5c7-bd6a41f62e05/screenshot[39m
[35m[HTTP][39m [90m{}[39m
[35m[HTTP][39m [37m<-- GET /wd/hub/session/818dc590-b5a4-4642-a5c7-bd6a41f62e05/screenshot [39m[32m200[39m [90m190 ms - 253952[39m
[35m[HTTP][39m [90m[39m
[35m[HTTP][39m [37m-->[39m [37mPOST[39m [37m/wd/hub/session/818dc590-b5a4-4642-a5c7-bd6a41f62e05/elements[39m
[35m[HTTP][39m [90m{"using":"xpath","value":"//*[@class = 'android.view.View' and @resource-id = 'fr.dsquad.occazio:id/v_click_why_other' and (@text = '' or . = '')]"}[39m
[35m[HTTP][39m [37m<-- POST /wd/hub/session/818dc590-b5a4-4642-a5c7-bd6a41f62e05/elements [39m[32m200[39m [90m36 ms - 139[39m
[35m[HTTP][39m [90m[39m
[35m[HTTP][39m [37m-->[39m [37mPOST[39m [37m/wd/hub/session/818dc590-b5a4-4642-a5c7-bd6a41f62e05/elements[39m
[35m[HTTP][39m [90m{"using":"xpath","value":"//*[@class = 'android.view.View' and @resource-id = 'fr.dsquad.occazio:id/v_click_why_other' and (@text = '' or . = '')]"}[39m
[35m[HTTP][39m [37m<-- POST /wd/hub/session/818dc590-b5a4-4642-a5c7-bd6a41f62e05/elements [39m[32m200[39m [90m47 ms - 139[39m
[35m[HTTP][39m [90m[39m
[35m[HTTP][39m [37m-->[39m [37mGET[39m [37m/wd/hub/session/818dc590-b5a4-4642-a5c7-bd6a41f62e05/source[39m
[35m[HTTP][39m [90m{}[39m
[35m[W3C (818dc590)][39m Driver proxy active, passing request on via HTTP proxy
[35m[WD Proxy][39m Replacing sessionId e22fccef-3c18-47db-858c-5e7808da23d0 with 818dc590-b5a4-4642-a5c7-bd6a41f62e05
[35m[HTTP][39m [37m<-- GET /wd/hub/session/818dc590-b5a4-4642-a5c7-bd6a41f62e05/source [39m[32m200[39m [90m59 ms - 10214[39m
[35m[HTTP][39m [90m[39m
[35m[HTTP][39m [37m-->[39m [37mGET[39m [37m/wd/hub/session/818dc590-b5a4-4642-a5c7-bd6a41f62e05/screenshot[39m
[35m[HTTP][39m [90m{}[39m
[35m[HTTP][39m [37m<-- GET /wd/hub/session/818dc590-b5a4-4642-a5c7-bd6a41f62e05/screenshot [39m[32m200[39m [90m271 ms - 253952[39m
[35m[HTTP][39m [90m[39m
[35m[HTTP][39m [37m-->[39m [37mPOST[39m [37m/wd/hub/session/818dc590-b5a4-4642-a5c7-bd6a41f62e05/elements[39m
[35m[HTTP][39m [90m{"using":"xpath","value":"//*[@class = 'android.view.View' and @resource-id = 'fr.dsquad.occazio:id/v_click_why_buy' and (@text = '' or . = '')]"}[39m
[35m[HTTP][39m [37m<-- POST /wd/hub/session/818dc590-b5a4-4642-a5c7-bd6a41f62e05/elements [39m[32m200[39m [90m25 ms - 139[39m
[35m[HTTP][39m [90m[39m
[35m[HTTP][39m [37m-->[39m [37mPOST[39m [37m/wd/hub/session/818dc590-b5a4-4642-a5c7-bd6a41f62e05/elements[39m
[35m[HTTP][39m [90m{"using":"xpath","value":"//*[@class = 'android.view.View' and @resource-id = 'fr.dsquad.occazio:id/v_click_why_buy' and (@text = '' or . = '')]"}[39m
[35m[HTTP][39m [37m<-- POST /wd/hub/session/818dc590-b5a4-4642-a5c7-bd6a41f62e05/elements [39m[32m200[39m [90m42 ms - 139[39m
[35m[HTTP][39m [90m[39m
[35m[HTTP][39m [37m-->[39m [37mGET[39m [37m/wd/hub/session/818dc590-b5a4-4642-a5c7-bd6a41f62e05/source[39m
[35m[HTTP][39m [90m{}[39m
[35m[W3C (818dc590)][39m Driver proxy active, passing request on via HTTP proxy
[35m[WD Proxy][39m Replacing sessionId e22fccef-3c18-47db-858c-5e7808da23d0 with 818dc590-b5a4-4642-a5c7-bd6a41f62e05
[35m[HTTP][39m [37m<-- GET /wd/hub/session/818dc590-b5a4-4642-a5c7-bd6a41f62e05/source [39m[32m200[39m [90m26 ms - 10214[39m
[35m[HTTP][39m [90m[39m
[35m[HTTP][39m [37m-->[39m [37mGET[39m [37m/wd/hub/session/818dc590-b5a4-4642-a5c7-bd6a41f62e05/screenshot[39m
[35m[HTTP][39m [90m{}[39m
[35m[HTTP][39m [37m<-- GET /wd/hub/session/818dc590-b5a4-4642-a5c7-bd6a41f62e05/screenshot [39m[32m200[39m [90m275 ms - 253430[39m
[35m[HTTP][39m [90m[39m
[35m[HTTP][39m [37m-->[39m [37mPOST[39m [37m/wd/hub/session/818dc590-b5a4-4642-a5c7-bd6a41f62e05/elements[39m
[35m[HTTP][39m [90m{"using":"xpath","value":"//*[@class = 'android.view.View' and @resource-id = 'fr.dsquad.occazio:id/v_click_why_sell' and (@text = '' or . = '')]"}[39m
[35m[HTTP][39m [37m<-- POST /wd/hub/session/818dc590-b5a4-4642-a5c7-bd6a41f62e05/elements [39m[32m200[39m [90m29 ms - 139[39m
[35m[HTTP][39m [90m[39m
[35m[HTTP][39m [37m-->[39m [37mPOST[39m [37m/wd/hub/session/818dc590-b5a4-4642-a5c7-bd6a41f62e05/elements[39m
[35m[HTTP][39m [90m{"using":"xpath","value":"//*[@class = 'android.view.View' and @resource-id = 'fr.dsquad.occazio:id/v_click_why_sell' and (@text = '' or . = '')]"}[39m
[35m[HTTP][39m [37m<-- POST /wd/hub/session/818dc590-b5a4-4642-a5c7-bd6a41f62e05/elements [39m[32m200[39m [90m35 ms - 139[39m
[35m[HTTP][39m [90m[39m
[35m[HTTP][39m [37m-->[39m [37mGET[39m [37m/wd/hub/session/818dc590-b5a4-4642-a5c7-bd6a41f62e05/source[39m
[35m[HTTP][39m [90m{}[39m
[35m[W3C (818dc590)][39m Driver proxy active, passing request on via HTTP proxy
[35m[WD Proxy][39m Replacing sessionId e22fccef-3c18-47db-858c-5e7808da23d0 with 818dc590-b5a4-4642-a5c7-bd6a41f62e05
[35m[HTTP][39m [37m<-- GET /wd/hub/session/818dc590-b5a4-4642-a5c7-bd6a41f62e05/source [39m[32m200[39m [90m16 ms - 10214[39m
[35m[HTTP][39m [90m[39m
[35m[HTTP][39m [37m-->[39m [37mGET[39m [37m/wd/hub/session/818dc590-b5a4-4642-a5c7-bd6a41f62e05/screenshot[39m
[35m[HTTP][39m [90m{}[39m
[35m[HTTP][39m [37m<-- GET /wd/hub/session/818dc590-b5a4-4642-a5c7-bd6a41f62e05/screenshot [39m[32m200[39m [90m225 ms - 253430[39m
[35m[HTTP][39m [90m[39m
[35m[HTTP][39m [37m-->[39m [37mPOST[39m [37m/wd/hub/session/818dc590-b5a4-4642-a5c7-bd6a41f62e05/elements[39m
[35m[HTTP][39m [90m{"using":"xpath","value":"//*[@class = 'android.view.View' and @resource-id = 'fr.dsquad.occazio:id/v_click_why_buy_sell' and (@text = '' or . = '')]"}[39m
[35m[HTTP][39m [37m<-- POST /wd/hub/session/818dc590-b5a4-4642-a5c7-bd6a41f62e05/elements [39m[32m200[39m [90m38 ms - 139[39m
[35m[HTTP][39m [90m[39m
[35m[HTTP][39m [37m-->[39m [37mPOST[39m [37m/wd/hub/session/818dc590-b5a4-4642-a5c7-bd6a41f62e05/elements[39m
[35m[HTTP][39m [90m{"using":"xpath","value":"//*[@class = 'android.view.View' and @resource-id = 'fr.dsquad.occazio:id/v_click_why_buy_sell' and (@text = '' or . = '')]"}[39m
[35m[HTTP][39m [37m<-- POST /wd/hub/session/818dc590-b5a4-4642-a5c7-bd6a41f62e05/elements [39m[32m200[39m [90m38 ms - 139[39m
[35m[HTTP][39m [90m[39m
[35m[HTTP][39m [37m-->[39m [37mGET[39m [37m/wd/hub/session/818dc590-b5a4-4642-a5c7-bd6a41f62e05/source[39m
[35m[HTTP][39m [90m{}[39m
[35m[W3C (818dc590)][39m Driver proxy active, passing request on via HTTP proxy
[35m[WD Proxy][39m Replacing sessionId e22fccef-3c18-47db-858c-5e7808da23d0 with 818dc590-b5a4-4642-a5c7-bd6a41f62e05
[35m[HTTP][39m [37m<-- GET /wd/hub/session/818dc590-b5a4-4642-a5c7-bd6a41f62e05/source [39m[32m200[39m [90m21 ms - 10214[39m
[35m[HTTP][39m [90m[39m
[35m[HTTP][39m [37m-->[39m [37mGET[39m [37m/wd/hub/session/818dc590-b5a4-4642-a5c7-bd6a41f62e05/screenshot[39m
[35m[HTTP][39m [90m{}[39m
[35m[HTTP][39m [37m<-- GET /wd/hub/session/818dc590-b5a4-4642-a5c7-bd6a41f62e05/screenshot [39m[32m200[39m [90m228 ms - 253430[39m
[35m[HTTP][39m [90m[39m
[35m[HTTP][39m [37m-->[39m [37mPOST[39m [37m/wd/hub/session/818dc590-b5a4-4642-a5c7-bd6a41f62e05/elements[39m
[35m[HTTP][39m [90m{"using":"xpath","value":"//*[@class = 'android.view.View' and @resource-id = 'fr.dsquad.occazio:id/v_click_why_other' and (@text = '' or . = '')]"}[39m
[35m[HTTP][39m [37m<-- POST /wd/hub/session/818dc590-b5a4-4642-a5c7-bd6a41f62e05/elements [39m[32m200[39m [90m38 ms - 139[39m
[35m[HTTP][39m [90m[39m
[35m[HTTP][39m [37m-->[39m [37mPOST[39m [37m/wd/hub/session/818dc590-b5a4-4642-a5c7-bd6a41f62e05/elements[39m
[35m[HTTP][39m [90m{"using":"xpath","value":"//*[@class = 'android.view.View' and @resource-id = 'fr.dsquad.occazio:id/v_click_why_other' and (@text = '' or . = '')]"}[39m
[35m[HTTP][39m [37m<-- POST /wd/hub/session/818dc590-b5a4-4642-a5c7-bd6a41f62e05/elements [39m[32m200[39m [90m37 ms - 139[39m
[35m[HTTP][39m [90m[39m
[35m[HTTP][39m [37m-->[39m [37mGET[39m [37m/wd/hub/session/818dc590-b5a4-4642-a5c7-bd6a41f62e05/source[39m
[35m[HTTP][39m [90m{}[39m
[35m[W3C (818dc590)][39m Driver proxy active, passing request on via HTTP proxy
[35m[WD Proxy][39m Replacing sessionId e22fccef-3c18-47db-858c-5e7808da23d0 with 818dc590-b5a4-4642-a5c7-bd6a41f62e05
[35m[HTTP][39m [37m<-- GET /wd/hub/session/818dc590-b5a4-4642-a5c7-bd6a41f62e05/source [39m[32m200[39m [90m17 ms - 10214[39m
[35m[HTTP][39m [90m[39m
[35m[HTTP][39m [37m-->[39m [37mGET[39m [37m/wd/hub/session/818dc590-b5a4-4642-a5c7-bd6a41f62e05/screenshot[39m
[35m[HTTP][39m [90m{}[39m
[35m[HTTP][39m [37m<-- GET /wd/hub/session/818dc590-b5a4-4642-a5c7-bd6a41f62e05/screenshot [39m[32m200[39m [90m196 ms - 253430[39m
[35m[HTTP][39m [90m[39m
[35m[HTTP][39m [37m-->[39m [37mDELETE[39m [37m/wd/hub/session/818dc590-b5a4-4642-a5c7-bd6a41f62e05[39m
[35m[HTTP][39m [90m{}[39m
[35m[Appium][39m Removing session 818dc590-b5a4-4642-a5c7-bd6a41f62e05 from our master session list
[35m[UiAutomator2][39m Restoring hidden api policy to the device default configuration
[35m[HTTP][39m [37m<-- DELETE /wd/hub/session/818dc590-b5a4-4642-a5c7-bd6a41f62e05 [39m[32m200[39m [90m301 ms - 14[39m
[35m[HTTP][39m [90m[39m
